<?xml version="1.0" encoding="UTF-8"?>
<!-- Generated by org.testng.reporters.JUnitReportReporter -->
<testsuite hostname="DESKTOP-KQNDJIG" failures="0" tests="1" name="TestCase.TC_001" time="34.199" errors="0" timestamp="2022-09-08T23:45:01 BDT" skipped="0">
  <testcase classname="TestCase.TC_001" name="registration" time="34.199"/>
  <system-out/>
</testsuite> <!-- TestCase.TC_001 -->
