<?xml version="1.0" encoding="UTF-8"?>
<!-- Generated by org.testng.reporters.JUnitReportReporter -->
<testsuite hostname="DESKTOP-KQNDJIG" failures="0" tests="1" name="TestCase.TC_002" time="95.583" errors="0" timestamp="2022-09-09T21:25:43 BDT" skipped="0">
  <testcase classname="TestCase.TC_002" name="placeorder" time="95.583"/>
  <system-out/>
</testsuite> <!-- TestCase.TC_002 -->
